2026-03-29 11:03:43,192 - INFO - Pipeline started.....
2026-03-29 11:03:43,312 - INFO - Data generated......
2026-03-29 11:03:43,318 - INFO - Data cleaned.....
2026-03-29 11:03:43,319 - INFO - Validation Errors: [('invalid_email', 156), ('invalid_age', 0), ('invalid_salary', 0), ('total_nulls', 255)]
2026-03-29 11:03:43,319 - INFO - Data Quality scores: 93.15%
2026-03-29 11:03:43,319 - INFO - Saving the data to Processed directory
2026-03-29 11:03:43,340 - INFO - Data saved to database
2026-03-29 11:03:43,340 - INFO - \u2705 Pipeline executed successfully!
2026-03-29 11:03:43,340 - INFO - \u2705 Pipeline done | Quality Score: 93.15%
2026-03-29 11:03:43,340 - INFO - Feature engineering
2026-03-29 11:03:43,340 - INFO - Training model
2026-03-29 11:03:43,754 - INFO - Evaluating model
2026-03-29 11:03:43,770 - INFO - Model Accuracy: 0.87
2026-03-29 11:03:43,770 - INFO - Classification Report:
              precision    recall  f1-score   support

          HR       0.95      0.85      0.90        67
          IT       0.92      0.92      0.92        60
       SALES       0.78      0.94      0.85        66
     UNKNOWN       0.00      0.00      0.00         7

    accuracy                           0.87       200
   macro avg       0.66      0.68      0.67       200
weighted avg       0.85      0.87      0.86       200

2026-03-29 11:03:43,770 - INFO - Running sample predictions
2026-03-29 11:03:43,773 - INFO - Sample Predictions: ['HR' 'IT' 'IT' 'SALES' 'HR']
2026-03-29 11:03:43,773 - INFO - Saving predictions to database
2026-03-29 11:03:44,179 - INFO - Predictions saved to database
2026-03-29 11:03:44,179 - INFO - Saving model
2026-03-29 11:03:44,197 - INFO - Model saved successfully
2026-03-29 11:03:44,197 - INFO - SQL Analysis
